2018-01-15 19:41:27,127 [main] INFO  org.mule.module.launcher.application.DefaultMuleApplication - 
++++++++++++++++++++++++++++++++++++++++++++++++++++++++++++
+ Initializing app 'content-based-routing'                 +
++++++++++++++++++++++++++++++++++++++++++++++++++++++++++++
2018-01-15 19:41:27,273 [main] INFO  org.mule.lifecycle.AbstractLifecycleManager - Initialising RegistryBroker
2018-01-15 19:41:27,356 [main] INFO  org.mule.module.extension.internal.manager.DefaultExtensionManager - Starting discovery of extensions
2018-01-15 19:41:27,435 [main] INFO  org.mule.module.extension.internal.manager.DefaultExtensionManager - Discovered 1 extensions
2018-01-15 19:41:27,435 [main] INFO  org.mule.module.extension.internal.manager.DefaultExtensionManager - Registering extension validation (version 3.8)
2018-01-15 19:41:27,477 [main] INFO  org.mule.config.spring.MuleArtifactContext - Refreshing org.mule.config.spring.MuleArtifactContext@1ac85b0c: startup date [Mon Jan 15 19:41:27 IST 2018]; root of context hierarchy
2018-01-15 19:41:28,518 [main] INFO  org.mule.config.spring.processors.NoDevkitInjectorProcessor - JSR-330 'javax.inject.Inject' annotation found and supported for autowiring
2018-01-15 19:41:29,136 [main] WARN  org.mule.module.ognl.expression.OgnlExpressionEvaluator - OGNL module is deprecated and will be removed in Mule 4.0. Use MEL expressions instead.
2018-01-15 19:41:29,725 [main] INFO  org.mule.util.journal.TransactionJournal - Using files for tx logs C:\Users\EAI\AnypointStudio\workspace\.mule\.\.mule\content-based-routing\queue-tx-log\tx1.log and C:\Users\EAI\AnypointStudio\workspace\.mule\.\.mule\content-based-routing\queue-tx-log\tx2.log
2018-01-15 19:41:29,738 [main] INFO  org.mule.util.journal.TransactionJournal - Using files for tx logs C:\Users\EAI\AnypointStudio\workspace\.mule\.\.mule\content-based-routing\queue-xa-tx-log\tx1.log and C:\Users\EAI\AnypointStudio\workspace\.mule\.\.mule\content-based-routing\queue-xa-tx-log\tx2.log
2018-01-15 19:41:29,813 [main] INFO  org.mule.lifecycle.AbstractLifecycleManager - Initialising model: _muleSystemModel
2018-01-15 19:41:29,817 [main] INFO  org.mule.construct.FlowConstructLifecycleManager - Initialising flow: content-based-routingFlow
2018-01-15 19:41:29,817 [main] INFO  org.mule.exception.DefaultMessagingExceptionStrategy - Initialising exception listener: org.mule.exception.DefaultMessagingExceptionStrategy@31a2a9fa
2018-01-15 19:41:29,837 [main] INFO  org.mule.processor.SedaStageLifecycleManager - Initialising service: content-based-routingFlow.stage1
2018-01-15 19:41:30,030 [main] INFO  org.mule.config.spring.SpringXmlConfigurationBuilder - Configured Mule using "org.mule.config.spring.SpringXmlConfigurationBuilder" with configuration resource(s): "[ConfigResource{resourceName='C:\Users\EAI\AnypointStudio\workspace\.mule\apps\content-based-routing\content-based-routing.xml'}]"
2018-01-15 19:41:30,030 [main] INFO  org.mule.config.builders.AutoConfigurationBuilder - Configured Mule using "org.mule.config.builders.AutoConfigurationBuilder" with configuration resource(s): "[ConfigResource{resourceName='C:\Users\EAI\AnypointStudio\workspace\.mule\apps\content-based-routing\content-based-routing.xml'}]"
2018-01-15 19:41:33,065 [main] INFO  org.mule.module.launcher.application.DefaultMuleApplication - 
++++++++++++++++++++++++++++++++++++++++++++++++++++++++++++
+ Starting app 'content-based-routing'                     +
++++++++++++++++++++++++++++++++++++++++++++++++++++++++++++
2018-01-15 19:41:33,070 [main] INFO  org.mule.util.queue.QueueXaResourceManager - Starting ResourceManager
2018-01-15 19:41:33,070 [main] INFO  org.mule.util.queue.QueueXaResourceManager - Started ResourceManager
2018-01-15 19:41:33,128 [main] INFO  org.mule.module.http.internal.listener.DefaultHttpListenerConfig - Listening for requests on http://0.0.0.0:8081
2018-01-15 19:41:33,131 [main] INFO  org.mule.modules.oauth2.provider.agents.DefaultSplashScreenAgent - 
++++++++++++++++++++++++++++++++++++++++++++++++++++++++++++++++++++++++++++++++
+ DevKit Extensions (0) used in this application 
                             +
++++++++++++++++++++++++++++++++++++++++++++++++++++++++++++++++++++++++++++++++
2018-01-15 19:41:33,133 [main] INFO  org.mule.lifecycle.AbstractLifecycleManager - Starting model: _muleSystemModel
2018-01-15 19:41:33,134 [main] INFO  org.mule.construct.FlowConstructLifecycleManager - Starting flow: content-based-routingFlow
2018-01-15 19:41:33,134 [main] INFO  org.mule.processor.SedaStageLifecycleManager - Starting service: content-based-routingFlow.stage1
2018-01-15 19:41:33,169 [main] INFO  org.mule.module.management.agent.WrapperManagerAgent - This JVM hasn't been launched by the wrapper, the agent will not run.
2018-01-15 19:41:33,185 [main] INFO  org.mule.DefaultMuleContext - 
**********************************************************************
* Application: content-based-routing                                 *
* OS encoding: \, Mule encoding: UTF-8                               *
*                                                                    *
* Agents Running:                                                    *
*   JMX Agent                                                        *
*   Batch module default engine                                      *
*   DevKit Extension Information                                     *
*   Wrapper Manager                                                  *
**********************************************************************
2018-01-15 19:41:53,919 [[content-based-routing].HTTP_Listener_Configuration.worker.01] INFO  org.mule.api.processor.LoggerMessageProcessor - No language specified. Using English as a default. 
2018-01-15 19:41:53,922 [[content-based-routing].HTTP_Listener_Configuration.worker.01] INFO  org.mule.api.processor.LoggerMessageProcessor - The reply "Hello Everyone!!" means "hello" in English.
2018-01-15 19:42:16,206 [[content-based-routing].HTTP_Listener_Configuration.worker.01] INFO  org.mule.api.processor.LoggerMessageProcessor - No language specified. Using English as a default. 
2018-01-15 19:42:16,206 [[content-based-routing].HTTP_Listener_Configuration.worker.01] INFO  org.mule.api.processor.LoggerMessageProcessor - The reply "Hello Everyone!!" means "hello" in English.
2018-01-15 19:43:13,021 [main] INFO  org.mule.module.launcher.application.DefaultMuleApplication - 
++++++++++++++++++++++++++++++++++++++++++++++++++++++++++++
+ Initializing app 'content-based-routing'                 +
++++++++++++++++++++++++++++++++++++++++++++++++++++++++++++
2018-01-15 19:43:13,205 [main] INFO  org.mule.lifecycle.AbstractLifecycleManager - Initialising RegistryBroker
2018-01-15 19:43:13,294 [main] INFO  org.mule.module.extension.internal.manager.DefaultExtensionManager - Starting discovery of extensions
2018-01-15 19:43:13,379 [main] INFO  org.mule.module.extension.internal.manager.DefaultExtensionManager - Discovered 1 extensions
2018-01-15 19:43:13,379 [main] INFO  org.mule.module.extension.internal.manager.DefaultExtensionManager - Registering extension validation (version 3.8)
2018-01-15 19:43:13,425 [main] INFO  org.mule.config.spring.MuleArtifactContext - Refreshing org.mule.config.spring.MuleArtifactContext@1ac85b0c: startup date [Mon Jan 15 19:43:13 IST 2018]; root of context hierarchy
2018-01-15 19:43:14,426 [main] INFO  org.mule.config.spring.processors.NoDevkitInjectorProcessor - JSR-330 'javax.inject.Inject' annotation found and supported for autowiring
2018-01-15 19:43:15,034 [main] WARN  org.mule.module.ognl.expression.OgnlExpressionEvaluator - OGNL module is deprecated and will be removed in Mule 4.0. Use MEL expressions instead.
2018-01-15 19:43:15,624 [main] INFO  org.mule.util.journal.TransactionJournal - Using files for tx logs C:\Users\EAI\AnypointStudio\workspace\.mule\.\.mule\content-based-routing\queue-tx-log\tx1.log and C:\Users\EAI\AnypointStudio\workspace\.mule\.\.mule\content-based-routing\queue-tx-log\tx2.log
2018-01-15 19:43:15,634 [main] INFO  org.mule.util.journal.TransactionJournal - Using files for tx logs C:\Users\EAI\AnypointStudio\workspace\.mule\.\.mule\content-based-routing\queue-xa-tx-log\tx1.log and C:\Users\EAI\AnypointStudio\workspace\.mule\.\.mule\content-based-routing\queue-xa-tx-log\tx2.log
2018-01-15 19:43:15,707 [main] INFO  org.mule.lifecycle.AbstractLifecycleManager - Initialising model: _muleSystemModel
2018-01-15 19:43:15,711 [main] INFO  org.mule.construct.FlowConstructLifecycleManager - Initialising flow: content-based-routingFlow
2018-01-15 19:43:15,711 [main] INFO  org.mule.exception.DefaultMessagingExceptionStrategy - Initialising exception listener: org.mule.exception.DefaultMessagingExceptionStrategy@46dcbeab
2018-01-15 19:43:15,733 [main] INFO  org.mule.processor.SedaStageLifecycleManager - Initialising service: content-based-routingFlow.stage1
2018-01-15 19:43:15,899 [main] INFO  org.mule.config.spring.SpringXmlConfigurationBuilder - Configured Mule using "org.mule.config.spring.SpringXmlConfigurationBuilder" with configuration resource(s): "[ConfigResource{resourceName='C:\Users\EAI\AnypointStudio\workspace\.mule\apps\content-based-routing\content-based-routing.xml'}]"
2018-01-15 19:43:15,899 [main] INFO  org.mule.config.builders.AutoConfigurationBuilder - Configured Mule using "org.mule.config.builders.AutoConfigurationBuilder" with configuration resource(s): "[ConfigResource{resourceName='C:\Users\EAI\AnypointStudio\workspace\.mule\apps\content-based-routing\content-based-routing.xml'}]"
2018-01-15 19:43:18,935 [main] INFO  org.mule.module.launcher.application.DefaultMuleApplication - 
++++++++++++++++++++++++++++++++++++++++++++++++++++++++++++
+ Starting app 'content-based-routing'                     +
++++++++++++++++++++++++++++++++++++++++++++++++++++++++++++
2018-01-15 19:43:18,939 [main] INFO  org.mule.util.queue.QueueXaResourceManager - Starting ResourceManager
2018-01-15 19:43:18,939 [main] INFO  org.mule.util.queue.QueueXaResourceManager - Started ResourceManager
2018-01-15 19:43:18,993 [main] INFO  org.mule.module.http.internal.listener.DefaultHttpListenerConfig - Listening for requests on http://0.0.0.0:8081
2018-01-15 19:43:18,995 [main] INFO  org.mule.modules.oauth2.provider.agents.DefaultSplashScreenAgent - 
++++++++++++++++++++++++++++++++++++++++++++++++++++++++++++++++++++++++++++++++
+ DevKit Extensions (0) used in this application 
                             +
++++++++++++++++++++++++++++++++++++++++++++++++++++++++++++++++++++++++++++++++
2018-01-15 19:43:18,997 [main] INFO  org.mule.lifecycle.AbstractLifecycleManager - Starting model: _muleSystemModel
2018-01-15 19:43:18,998 [main] INFO  org.mule.construct.FlowConstructLifecycleManager - Starting flow: content-based-routingFlow
2018-01-15 19:43:18,999 [main] INFO  org.mule.processor.SedaStageLifecycleManager - Starting service: content-based-routingFlow.stage1
2018-01-15 19:43:19,058 [main] INFO  org.mule.module.management.agent.WrapperManagerAgent - This JVM hasn't been launched by the wrapper, the agent will not run.
2018-01-15 19:43:19,077 [main] INFO  org.mule.DefaultMuleContext - 
**********************************************************************
* Application: content-based-routing                                 *
* OS encoding: \, Mule encoding: UTF-8                               *
*                                                                    *
* Agents Running:                                                    *
*   JMX Agent                                                        *
*   Batch module default engine                                      *
*   DevKit Extension Information                                     *
*   Wrapper Manager                                                  *
**********************************************************************
2018-01-15 19:43:42,048 [[content-based-routing].HTTP_Listener_Configuration.worker.01] INFO  org.mule.api.processor.LoggerMessageProcessor - The reply "Namaskara" means "hello" in kannada.
2018-01-15 19:43:51,405 [[content-based-routing].HTTP_Listener_Configuration.worker.01] INFO  org.mule.api.processor.LoggerMessageProcessor - No language specified. Using English as a default. 
2018-01-15 19:43:51,406 [[content-based-routing].HTTP_Listener_Configuration.worker.01] INFO  org.mule.api.processor.LoggerMessageProcessor - The reply "Hello Everyone!!" means "hello" in English.
2018-01-15 19:43:56,470 [[content-based-routing].HTTP_Listener_Configuration.worker.01] INFO  org.mule.api.processor.LoggerMessageProcessor - No language specified. Using English as a default. 
2018-01-15 19:43:56,470 [[content-based-routing].HTTP_Listener_Configuration.worker.01] INFO  org.mule.api.processor.LoggerMessageProcessor - The reply "Hello Everyone!!" means "hello" in English.
2018-01-15 19:45:54,293 [Mule.app.deployer.monitor.1.thread.1] INFO  org.mule.module.launcher.application.DefaultMuleApplication - 
++++++++++++++++++++++++++++++++++++++++++++++++++++++++++++
+ Stopping app 'content-based-routing'                     +
++++++++++++++++++++++++++++++++++++++++++++++++++++++++++++
2018-01-15 19:45:54,296 [Mule.app.deployer.monitor.1.thread.1] INFO  org.mule.construct.FlowConstructLifecycleManager - Stopping flow: content-based-routingFlow
2018-01-15 19:45:54,298 [Mule.app.deployer.monitor.1.thread.1] INFO  org.mule.processor.SedaStageLifecycleManager - Stopping service: content-based-routingFlow.stage1
2018-01-15 19:45:54,330 [Mule.app.deployer.monitor.1.thread.1] INFO  org.mule.lifecycle.AbstractLifecycleManager - Stopping model: _muleSystemModel
2018-01-15 19:45:54,343 [Mule.app.deployer.monitor.1.thread.1] INFO  org.mule.module.http.internal.listener.DefaultHttpListenerConfig - Stopped listener on http://0.0.0.0:8081
2018-01-15 19:45:54,346 [Mule.app.deployer.monitor.1.thread.1] INFO  org.mule.util.queue.QueueXaResourceManager - Stopping ResourceManager
2018-01-15 19:45:54,347 [Mule.app.deployer.monitor.1.thread.1] INFO  org.mule.util.queue.QueueXaResourceManager - Stopped ResourceManager
2018-01-15 19:45:54,359 [Mule.app.deployer.monitor.1.thread.1] INFO  org.mule.module.launcher.application.DefaultMuleApplication - 
++++++++++++++++++++++++++++++++++++++++++++++++++++++++++++
+ Disposing app 'content-based-routing'                    +
++++++++++++++++++++++++++++++++++++++++++++++++++++++++++++
2018-01-15 19:45:54,364 [Mule.app.deployer.monitor.1.thread.1] INFO  org.mule.lifecycle.AbstractLifecycleManager - Disposing RegistryBroker
2018-01-15 19:45:54,368 [Mule.app.deployer.monitor.1.thread.1] INFO  org.mule.construct.FlowConstructLifecycleManager - Disposing flow: content-based-routingFlow
2018-01-15 19:45:54,369 [Mule.app.deployer.monitor.1.thread.1] INFO  org.mule.processor.SedaStageLifecycleManager - Disposing service: content-based-routingFlow.stage1
2018-01-15 19:45:54,373 [Mule.app.deployer.monitor.1.thread.1] INFO  org.mule.lifecycle.AbstractLifecycleManager - Disposing model: _muleSystemModel
2018-01-15 19:45:54,477 [Mule.app.deployer.monitor.1.thread.1] INFO  org.mule.config.spring.MuleArtifactContext - Closing org.mule.config.spring.MuleArtifactContext@1ac85b0c: startup date [Mon Jan 15 19:43:13 IST 2018]; root of context hierarchy
2018-01-15 19:45:54,531 [Mule.app.deployer.monitor.1.thread.1] INFO  org.mule.DefaultMuleContext - 
**********************************************************************
* Application "content-based-routing" shut down normally on:         *
* 1/15/18 7:45 PM                                                    *
* Up for: 0 days, 0 hours, 2 mins, 35.594 sec                        *
**********************************************************************
2018-01-15 19:45:54,616 [Mule.app.deployer.monitor.1.thread.1] INFO  org.mule.module.launcher.application.DefaultMuleApplication - 
++++++++++++++++++++++++++++++++++++++++++++++++++++++++++++
+ Initializing app 'content-based-routing'                 +
++++++++++++++++++++++++++++++++++++++++++++++++++++++++++++
2018-01-15 19:45:58,673 [main] INFO  org.mule.module.launcher.application.DefaultMuleApplication - 
++++++++++++++++++++++++++++++++++++++++++++++++++++++++++++
+ Initializing app 'content-based-routing'                 +
++++++++++++++++++++++++++++++++++++++++++++++++++++++++++++
2018-01-15 19:45:58,819 [main] INFO  org.mule.lifecycle.AbstractLifecycleManager - Initialising RegistryBroker
2018-01-15 19:45:58,895 [main] INFO  org.mule.module.extension.internal.manager.DefaultExtensionManager - Starting discovery of extensions
2018-01-15 19:45:58,973 [main] INFO  org.mule.module.extension.internal.manager.DefaultExtensionManager - Discovered 1 extensions
2018-01-15 19:45:58,974 [main] INFO  org.mule.module.extension.internal.manager.DefaultExtensionManager - Registering extension validation (version 3.8)
2018-01-15 19:45:59,017 [main] INFO  org.mule.config.spring.MuleArtifactContext - Refreshing org.mule.config.spring.MuleArtifactContext@1ac85b0c: startup date [Mon Jan 15 19:45:59 IST 2018]; root of context hierarchy
2018-01-15 19:46:00,011 [main] INFO  org.mule.config.spring.processors.NoDevkitInjectorProcessor - JSR-330 'javax.inject.Inject' annotation found and supported for autowiring
2018-01-15 19:46:00,606 [main] WARN  org.mule.module.ognl.expression.OgnlExpressionEvaluator - OGNL module is deprecated and will be removed in Mule 4.0. Use MEL expressions instead.
2018-01-15 19:46:01,183 [main] INFO  org.mule.util.journal.TransactionJournal - Using files for tx logs C:\Users\EAI\AnypointStudio\workspace\.mule\.\.mule\content-based-routing\queue-tx-log\tx1.log and C:\Users\EAI\AnypointStudio\workspace\.mule\.\.mule\content-based-routing\queue-tx-log\tx2.log
2018-01-15 19:46:01,194 [main] INFO  org.mule.util.journal.TransactionJournal - Using files for tx logs C:\Users\EAI\AnypointStudio\workspace\.mule\.\.mule\content-based-routing\queue-xa-tx-log\tx1.log and C:\Users\EAI\AnypointStudio\workspace\.mule\.\.mule\content-based-routing\queue-xa-tx-log\tx2.log
2018-01-15 19:46:01,257 [main] INFO  org.mule.lifecycle.AbstractLifecycleManager - Initialising model: _muleSystemModel
2018-01-15 19:46:01,261 [main] INFO  org.mule.construct.FlowConstructLifecycleManager - Initialising flow: content-based-routingFlow
2018-01-15 19:46:01,261 [main] INFO  org.mule.exception.DefaultMessagingExceptionStrategy - Initialising exception listener: org.mule.exception.DefaultMessagingExceptionStrategy@7235f92b
2018-01-15 19:46:01,281 [main] INFO  org.mule.processor.SedaStageLifecycleManager - Initialising service: content-based-routingFlow.stage1
2018-01-15 19:46:01,454 [main] INFO  org.mule.config.spring.SpringXmlConfigurationBuilder - Configured Mule using "org.mule.config.spring.SpringXmlConfigurationBuilder" with configuration resource(s): "[ConfigResource{resourceName='C:\Users\EAI\AnypointStudio\workspace\.mule\apps\content-based-routing\content-based-routing.xml'}]"
2018-01-15 19:46:01,455 [main] INFO  org.mule.config.builders.AutoConfigurationBuilder - Configured Mule using "org.mule.config.builders.AutoConfigurationBuilder" with configuration resource(s): "[ConfigResource{resourceName='C:\Users\EAI\AnypointStudio\workspace\.mule\apps\content-based-routing\content-based-routing.xml'}]"
2018-01-15 19:46:04,486 [main] INFO  org.mule.module.launcher.application.DefaultMuleApplication - 
++++++++++++++++++++++++++++++++++++++++++++++++++++++++++++
+ Starting app 'content-based-routing'                     +
++++++++++++++++++++++++++++++++++++++++++++++++++++++++++++
2018-01-15 19:46:04,491 [main] INFO  org.mule.util.queue.QueueXaResourceManager - Starting ResourceManager
2018-01-15 19:46:04,491 [main] INFO  org.mule.util.queue.QueueXaResourceManager - Started ResourceManager
2018-01-15 19:46:04,541 [main] INFO  org.mule.module.http.internal.listener.DefaultHttpListenerConfig - Listening for requests on http://0.0.0.0:8081
2018-01-15 19:46:04,543 [main] INFO  org.mule.modules.oauth2.provider.agents.DefaultSplashScreenAgent - 
++++++++++++++++++++++++++++++++++++++++++++++++++++++++++++++++++++++++++++++++
+ DevKit Extensions (0) used in this application 
                             +
++++++++++++++++++++++++++++++++++++++++++++++++++++++++++++++++++++++++++++++++
2018-01-15 19:46:04,545 [main] INFO  org.mule.lifecycle.AbstractLifecycleManager - Starting model: _muleSystemModel
2018-01-15 19:46:04,546 [main] INFO  org.mule.construct.FlowConstructLifecycleManager - Starting flow: content-based-routingFlow
2018-01-15 19:46:04,547 [main] INFO  org.mule.processor.SedaStageLifecycleManager - Starting service: content-based-routingFlow.stage1
2018-01-15 19:46:04,577 [main] INFO  org.mule.module.management.agent.WrapperManagerAgent - This JVM hasn't been launched by the wrapper, the agent will not run.
2018-01-15 19:46:04,591 [main] INFO  org.mule.DefaultMuleContext - 
**********************************************************************
* Application: content-based-routing                                 *
* OS encoding: \, Mule encoding: UTF-8                               *
*                                                                    *
* Agents Running:                                                    *
*   JMX Agent                                                        *
*   Batch module default engine                                      *
*   DevKit Extension Information                                     *
*   Wrapper Manager                                                  *
**********************************************************************
2018-01-15 19:46:13,829 [[content-based-routing].HTTP_Listener_Configuration.worker.01] INFO  org.mule.api.processor.LoggerMessageProcessor - The reply "Namaskara" means "hello" in kannada.
2018-01-15 19:46:17,903 [[content-based-routing].HTTP_Listener_Configuration.worker.01] INFO  org.mule.api.processor.LoggerMessageProcessor - No language specified. Using English as a default. 
2018-01-15 19:46:17,905 [[content-based-routing].HTTP_Listener_Configuration.worker.01] INFO  org.mule.api.processor.LoggerMessageProcessor - The reply "Hello Everyone!!" means "hello" in English.
2018-01-15 19:46:23,420 [[content-based-routing].HTTP_Listener_Configuration.worker.01] INFO  org.mule.api.processor.LoggerMessageProcessor - No language specified. Using English as a default. 
2018-01-15 19:46:23,420 [[content-based-routing].HTTP_Listener_Configuration.worker.01] INFO  org.mule.api.processor.LoggerMessageProcessor - The reply "Hello Everyone!!" means "hello" in English.
