2018-01-22 12:49:55,937 [main] INFO  org.mule.module.launcher.application.DefaultMuleApplication - 
++++++++++++++++++++++++++++++++++++++++++++++++++++++++++++
+ Initializing app 'jmsdemomaven'                          +
++++++++++++++++++++++++++++++++++++++++++++++++++++++++++++
2018-01-22 12:49:56,109 [main] INFO  org.mule.lifecycle.AbstractLifecycleManager - Initialising RegistryBroker
2018-01-22 12:49:56,195 [main] INFO  org.mule.module.extension.internal.manager.DefaultExtensionManager - Starting discovery of extensions
2018-01-22 12:49:56,280 [main] INFO  org.mule.module.extension.internal.manager.DefaultExtensionManager - Discovered 1 extensions
2018-01-22 12:49:56,280 [main] INFO  org.mule.module.extension.internal.manager.DefaultExtensionManager - Registering extension validation (version 3.8)
2018-01-22 12:49:56,327 [main] INFO  org.mule.config.spring.MuleArtifactContext - Refreshing org.mule.config.spring.MuleArtifactContext@fff25f1: startup date [Mon Jan 22 12:49:56 IST 2018]; root of context hierarchy
2018-01-22 12:49:57,334 [main] INFO  org.mule.config.spring.processors.NoDevkitInjectorProcessor - JSR-330 'javax.inject.Inject' annotation found and supported for autowiring
2018-01-22 12:49:57,937 [main] WARN  org.mule.module.ognl.expression.OgnlExpressionEvaluator - OGNL module is deprecated and will be removed in Mule 4.0. Use MEL expressions instead.
2018-01-22 12:49:58,546 [main] INFO  org.mule.util.journal.TransactionJournal - Using files for tx logs C:\Users\EAI\AnypointStudio\workspace\.mule\.\.mule\jmsdemomaven\queue-tx-log\tx1.log and C:\Users\EAI\AnypointStudio\workspace\.mule\.\.mule\jmsdemomaven\queue-tx-log\tx2.log
2018-01-22 12:49:58,551 [main] INFO  org.mule.util.journal.TransactionJournal - Using files for tx logs C:\Users\EAI\AnypointStudio\workspace\.mule\.\.mule\jmsdemomaven\queue-xa-tx-log\tx1.log and C:\Users\EAI\AnypointStudio\workspace\.mule\.\.mule\jmsdemomaven\queue-xa-tx-log\tx2.log
2018-01-22 12:49:58,567 [main] INFO  org.mule.lifecycle.AbstractLifecycleManager - Initialising connector: Active_MQ
2018-01-22 12:49:58,602 [main] INFO  org.mule.lifecycle.AbstractLifecycleManager - Initialising connector: Active_MQ1
2018-01-22 12:49:58,613 [main] INFO  org.mule.lifecycle.AbstractLifecycleManager - Initialising connector: connector.file.mule.default
2018-01-22 12:49:58,680 [main] INFO  org.mule.lifecycle.AbstractLifecycleManager - Initialising model: _muleSystemModel
2018-01-22 12:49:58,680 [main] INFO  org.mule.construct.FlowConstructLifecycleManager - Initialising flow: jmsdemomavenFlow
2018-01-22 12:49:58,680 [main] INFO  org.mule.exception.DefaultMessagingExceptionStrategy - Initialising exception listener: org.mule.exception.DefaultMessagingExceptionStrategy@22d9ca63
2018-01-22 12:49:58,711 [main] INFO  org.mule.processor.SedaStageLifecycleManager - Initialising service: jmsdemomavenFlow.stage1
2018-01-22 12:49:58,711 [main] INFO  org.mule.construct.FlowConstructLifecycleManager - Initialising flow: jmsdemomavenFlow1
2018-01-22 12:49:58,711 [main] INFO  org.mule.exception.DefaultMessagingExceptionStrategy - Initialising exception listener: org.mule.exception.DefaultMessagingExceptionStrategy@6435fa1c
2018-01-22 12:49:58,711 [main] INFO  org.mule.processor.SedaStageLifecycleManager - Initialising service: jmsdemomavenFlow1.stage1
2018-01-22 12:49:58,922 [main] INFO  org.mule.config.spring.SpringXmlConfigurationBuilder - Configured Mule using "org.mule.config.spring.SpringXmlConfigurationBuilder" with configuration resource(s): "[ConfigResource{resourceName='C:\Users\EAI\AnypointStudio\workspace\.mule\apps\jmsdemomaven\jmsdemomaven.xml'}]"
2018-01-22 12:49:58,922 [main] INFO  org.mule.config.builders.AutoConfigurationBuilder - Configured Mule using "org.mule.config.builders.AutoConfigurationBuilder" with configuration resource(s): "[ConfigResource{resourceName='C:\Users\EAI\AnypointStudio\workspace\.mule\apps\jmsdemomaven\jmsdemomaven.xml'}]"
2018-01-22 12:50:01,953 [main] INFO  org.mule.module.launcher.application.DefaultMuleApplication - 
++++++++++++++++++++++++++++++++++++++++++++++++++++++++++++
+ Starting app 'jmsdemomaven'                              +
++++++++++++++++++++++++++++++++++++++++++++++++++++++++++++
2018-01-22 12:50:01,958 [main] INFO  org.mule.util.queue.QueueXaResourceManager - Starting ResourceManager
2018-01-22 12:50:01,958 [main] INFO  org.mule.util.queue.QueueXaResourceManager - Started ResourceManager
2018-01-22 12:50:02,006 [main] INFO  org.mule.module.http.internal.listener.DefaultHttpListenerConfig - Listening for requests on http://0.0.0.0:8081
2018-01-22 12:50:03,281 [main] ERROR org.mule.retry.notifiers.ConnectNotifier - Failed to connect/reconnect: ActiveMQJmsConnector
{
  name=Active_MQ
  lifecycle=initialise
  this=10b4e7f8
  numberOfConcurrentTransactedReceivers=4
  createMultipleTransactedReceivers=true
  connected=false
  supportedProtocols=[jms]
  serviceOverrides=<none>
}
. Root Exception was: Connection refused: connect. Type: class java.net.ConnectException
2018-01-22 12:50:03,288 [main] ERROR org.mule.module.launcher.application.DefaultMuleApplication - 
********************************************************************************
Message               : Could not connect to broker URL: tcp://localhost:61616. Reason: java.net.ConnectException: Connection refused: connect
JMS Code              : null
Element               : /Active_MQ @ app:jmsdemomaven.xml:12 (Active MQ)
--------------------------------------------------------------------------------
Root Exception stack trace:
java.net.ConnectException: Connection refused: connect
	at java.net.TwoStacksPlainSocketImpl.socketConnect(Native Method)
	at java.net.AbstractPlainSocketImpl.doConnect(AbstractPlainSocketImpl.java:350)
	at java.net.AbstractPlainSocketImpl.connectToAddress(AbstractPlainSocketImpl.java:206)
	at java.net.AbstractPlainSocketImpl.connect(AbstractPlainSocketImpl.java:188)
	at java.net.PlainSocketImpl.connect(PlainSocketImpl.java:172)
	at java.net.SocksSocketImpl.connect(SocksSocketImpl.java:392)
	at java.net.Socket.connect(Socket.java:589)
	at org.apache.activemq.transport.tcp.TcpTransport.connect(TcpTransport.java:504)
	at org.apache.activemq.transport.tcp.TcpTransport.doStart(TcpTransport.java:467)
	at org.apache.activemq.util.ServiceSupport.start(ServiceSupport.java:54)
	at org.apache.activemq.transport.AbstractInactivityMonitor.start(AbstractInactivityMonitor.java:121)
	at org.apache.activemq.transport.TransportFilter.start(TransportFilter.java:58)
	at org.apache.activemq.transport.WireFormatNegotiator.start(WireFormatNegotiator.java:72)
	at org.apache.activemq.transport.TransportFilter.start(TransportFilter.java:58)
	at org.apache.activemq.transport.TransportFilter.start(TransportFilter.java:58)
	at org.apache.activemq.ActiveMQConnectionFactory.createActiveMQConnection(ActiveMQConnectionFactory.java:275)
	at org.apache.activemq.ActiveMQConnectionFactory.createQueueConnection(ActiveMQConnectionFactory.java:207)
	at org.mule.transport.jms.Jms102bSupport.createConnection(Jms102bSupport.java:65)
	at org.mule.transport.jms.JmsConnector.createConnection(JmsConnector.java:446)
	at org.mule.transport.jms.JmsConnector.doConnect(JmsConnector.java:547)
	at org.mule.transport.AbstractConnector.connectConnectorAndReceivers(AbstractConnector.java:1664)
	at org.mule.transport.AbstractConnector$5.doWork(AbstractConnector.java:1630)
	at org.mule.retry.policies.AbstractPolicyTemplate.execute(AbstractPolicyTemplate.java:61)
	at org.mule.transport.AbstractConnector.connect(AbstractConnector.java:1658)
	at org.mule.transport.jms.JmsConnector.connect(JmsConnector.java:475)
	at org.mule.transport.AbstractConnector.start(AbstractConnector.java:449)
	at sun.reflect.NativeMethodAccessorImpl.invoke0(Native Method)
	at sun.reflect.NativeMethodAccessorImpl.invoke(NativeMethodAccessorImpl.java:62)
	at sun.reflect.DelegatingMethodAccessorImpl.invoke(DelegatingMethodAccessorImpl.java:43)
	at java.lang.reflect.Method.invoke(Method.java:498)
	at org.mule.lifecycle.phases.DefaultLifecyclePhase.applyLifecycle(DefaultLifecyclePhase.java:237)
	at org.mule.lifecycle.RegistryLifecycleCallback.doApplyLifecycle(RegistryLifecycleCallback.java:99)
	at org.mule.lifecycle.RegistryLifecycleCallback.onTransition(RegistryLifecycleCallback.java:71)
	at org.mule.lifecycle.RegistryLifecycleManager.invokePhase(RegistryLifecycleManager.java:155)
	at org.mule.lifecycle.RegistryLifecycleManager.fireLifecycle(RegistryLifecycleManager.java:126)
	at org.mule.registry.AbstractRegistryBroker.fireLifecycle(AbstractRegistryBroker.java:88)
	at org.mule.registry.MuleRegistryHelper.fireLifecycle(MuleRegistryHelper.java:141)
	at org.mule.lifecycle.MuleContextLifecycleManager$MuleContextLifecycleCallback.onTransition(MuleContextLifecycleManager.java:91)
	at org.mule.lifecycle.MuleContextLifecycleManager$MuleContextLifecycleCallback.onTransition(MuleContextLifecycleManager.java:87)
	at org.mule.lifecycle.MuleContextLifecycleManager.invokePhase(MuleContextLifecycleManager.java:69)
	at org.mule.lifecycle.MuleContextLifecycleManager.fireLifecycle(MuleContextLifecycleManager.java:61)
	at org.mule.DefaultMuleContext.start(DefaultMuleContext.java:317)
	at org.mule.module.launcher.application.DefaultMuleApplication.start(DefaultMuleApplication.java:139)
	at org.mule.module.launcher.artifact.ArtifactWrapper$4.execute(ArtifactWrapper.java:105)
	at org.mule.module.launcher.artifact.ArtifactWrapper.executeWithinArtifactClassLoader(ArtifactWrapper.java:136)
	at org.mule.module.launcher.artifact.ArtifactWrapper.start(ArtifactWrapper.java:100)
	at org.mule.module.launcher.DefaultArtifactDeployer.deploy(DefaultArtifactDeployer.java:26)
	at org.mule.module.launcher.DefaultArchiveDeployer.deployArtifact(DefaultArchiveDeployer.java:317)
	at org.mule.module.launcher.DefaultArchiveDeployer.deployPackagedArtifact(DefaultArchiveDeployer.java:172)
	at org.mule.module.launcher.DefaultArchiveDeployer.deployPackagedArtifact(DefaultArchiveDeployer.java:261)
	at org.mule.module.launcher.DefaultArchiveDeployer.deployPackagedArtifact(DefaultArchiveDeployer.java:76)
	at org.mule.module.launcher.DeploymentDirectoryWatcher.deployPackedApps(DeploymentDirectoryWatcher.java:279)
	at org.mule.module.launcher.DeploymentDirectoryWatcher.start(DeploymentDirectoryWatcher.java:151)
	at org.mule.module.launcher.MuleDeploymentService.start(MuleDeploymentService.java:134)
	at org.mule.module.launcher.MuleContainer.start(MuleContainer.java:172)
	at org.mule.tooling.server.application.ApplicationDeployer.main(ApplicationDeployer.java:15)

********************************************************************************

2018-01-22 12:50:03,288 [main] INFO  org.mule.module.launcher.application.DefaultMuleApplication - 
++++++++++++++++++++++++++++++++++++++++++++++++++++++++++++
+ Disposing app 'jmsdemomaven'                             +
++++++++++++++++++++++++++++++++++++++++++++++++++++++++++++
2018-01-22 12:50:03,288 [main] INFO  org.mule.lifecycle.AbstractLifecycleManager - Disposing RegistryBroker
2018-01-22 12:50:03,288 [main] INFO  org.mule.construct.FlowConstructLifecycleManager - Disposing flow: jmsdemomavenFlow
2018-01-22 12:50:03,288 [main] INFO  org.mule.processor.SedaStageLifecycleManager - Disposing service: jmsdemomavenFlow.stage1
2018-01-22 12:50:03,304 [main] INFO  org.mule.construct.FlowConstructLifecycleManager - Disposing flow: jmsdemomavenFlow1
2018-01-22 12:50:03,304 [main] INFO  org.mule.processor.SedaStageLifecycleManager - Disposing service: jmsdemomavenFlow1.stage1
2018-01-22 12:50:03,304 [main] INFO  org.mule.lifecycle.AbstractLifecycleManager - Disposing model: _muleSystemModel
2018-01-22 12:50:03,319 [main] INFO  org.mule.lifecycle.AbstractLifecycleManager - Disposing connector: Active_MQ
2018-01-22 12:50:03,319 [main] INFO  org.mule.lifecycle.AbstractLifecycleManager - Disposing connector: Active_MQ1
2018-01-22 12:50:03,319 [main] INFO  org.mule.lifecycle.AbstractLifecycleManager - Disposing connector: connector.file.mule.default
2018-01-22 12:50:03,505 [main] INFO  org.mule.config.spring.MuleArtifactContext - Closing org.mule.config.spring.MuleArtifactContext@fff25f1: startup date [Mon Jan 22 12:49:56 IST 2018]; root of context hierarchy
2018-01-22 12:50:03,713 [main] INFO  org.mule.DefaultMuleContext - 
**********************************************************************
* Application "jmsdemomaven" shut down normally on: 1/22/18 12:50 PM *
* Up for: 0 days, 0 hours, 0 mins, 1.754 sec                         *
**********************************************************************
2018-01-22 14:23:41,125 [main] INFO  org.mule.module.launcher.application.DefaultMuleApplication - 
++++++++++++++++++++++++++++++++++++++++++++++++++++++++++++
+ Initializing app 'jmsdemomaven'                          +
++++++++++++++++++++++++++++++++++++++++++++++++++++++++++++
2018-01-22 14:23:41,258 [main] INFO  org.mule.lifecycle.AbstractLifecycleManager - Initialising RegistryBroker
2018-01-22 14:23:41,342 [main] INFO  org.mule.module.extension.internal.manager.DefaultExtensionManager - Starting discovery of extensions
2018-01-22 14:23:41,421 [main] INFO  org.mule.module.extension.internal.manager.DefaultExtensionManager - Discovered 1 extensions
2018-01-22 14:23:41,421 [main] INFO  org.mule.module.extension.internal.manager.DefaultExtensionManager - Registering extension validation (version 3.8)
2018-01-22 14:23:41,468 [main] INFO  org.mule.config.spring.MuleArtifactContext - Refreshing org.mule.config.spring.MuleArtifactContext@fff25f1: startup date [Mon Jan 22 14:23:41 IST 2018]; root of context hierarchy
2018-01-22 14:23:42,516 [main] INFO  org.mule.config.spring.processors.NoDevkitInjectorProcessor - JSR-330 'javax.inject.Inject' annotation found and supported for autowiring
2018-01-22 14:23:43,138 [main] WARN  org.mule.module.ognl.expression.OgnlExpressionEvaluator - OGNL module is deprecated and will be removed in Mule 4.0. Use MEL expressions instead.
2018-01-22 14:23:43,678 [main] INFO  org.mule.util.journal.TransactionJournal - Using files for tx logs C:\Users\EAI\AnypointStudio\workspace\.mule\.\.mule\jmsdemomaven\queue-tx-log\tx1.log and C:\Users\EAI\AnypointStudio\workspace\.mule\.\.mule\jmsdemomaven\queue-tx-log\tx2.log
2018-01-22 14:23:43,680 [main] INFO  org.mule.util.journal.TransactionJournal - Using files for tx logs C:\Users\EAI\AnypointStudio\workspace\.mule\.\.mule\jmsdemomaven\queue-xa-tx-log\tx1.log and C:\Users\EAI\AnypointStudio\workspace\.mule\.\.mule\jmsdemomaven\queue-xa-tx-log\tx2.log
2018-01-22 14:23:43,680 [main] INFO  org.mule.lifecycle.AbstractLifecycleManager - Initialising connector: Active_MQ
2018-01-22 14:23:43,727 [main] INFO  org.mule.lifecycle.AbstractLifecycleManager - Initialising connector: Active_MQ1
2018-01-22 14:23:43,743 [main] INFO  org.mule.lifecycle.AbstractLifecycleManager - Initialising connector: connector.file.mule.default
2018-01-22 14:23:43,803 [main] INFO  org.mule.lifecycle.AbstractLifecycleManager - Initialising model: _muleSystemModel
2018-01-22 14:23:43,819 [main] INFO  org.mule.construct.FlowConstructLifecycleManager - Initialising flow: jmsdemomavenFlow
2018-01-22 14:23:43,819 [main] INFO  org.mule.exception.DefaultMessagingExceptionStrategy - Initialising exception listener: org.mule.exception.DefaultMessagingExceptionStrategy@51fc862e
2018-01-22 14:23:43,834 [main] INFO  org.mule.processor.SedaStageLifecycleManager - Initialising service: jmsdemomavenFlow.stage1
2018-01-22 14:23:43,850 [main] INFO  org.mule.construct.FlowConstructLifecycleManager - Initialising flow: jmsdemomavenFlow1
2018-01-22 14:23:43,850 [main] INFO  org.mule.exception.DefaultMessagingExceptionStrategy - Initialising exception listener: org.mule.exception.DefaultMessagingExceptionStrategy@53f0d09c
2018-01-22 14:23:43,850 [main] INFO  org.mule.processor.SedaStageLifecycleManager - Initialising service: jmsdemomavenFlow1.stage1
2018-01-22 14:23:44,226 [main] INFO  org.mule.config.spring.SpringXmlConfigurationBuilder - Configured Mule using "org.mule.config.spring.SpringXmlConfigurationBuilder" with configuration resource(s): "[ConfigResource{resourceName='C:\Users\EAI\AnypointStudio\workspace\.mule\apps\jmsdemomaven\jmsdemomaven.xml'}]"
2018-01-22 14:23:44,226 [main] INFO  org.mule.config.builders.AutoConfigurationBuilder - Configured Mule using "org.mule.config.builders.AutoConfigurationBuilder" with configuration resource(s): "[ConfigResource{resourceName='C:\Users\EAI\AnypointStudio\workspace\.mule\apps\jmsdemomaven\jmsdemomaven.xml'}]"
2018-01-22 14:23:47,257 [main] INFO  org.mule.module.launcher.application.DefaultMuleApplication - 
++++++++++++++++++++++++++++++++++++++++++++++++++++++++++++
+ Starting app 'jmsdemomaven'                              +
++++++++++++++++++++++++++++++++++++++++++++++++++++++++++++
2018-01-22 14:23:47,265 [main] INFO  org.mule.util.queue.QueueXaResourceManager - Starting ResourceManager
2018-01-22 14:23:47,265 [main] INFO  org.mule.util.queue.QueueXaResourceManager - Started ResourceManager
2018-01-22 14:23:47,311 [main] INFO  org.mule.module.http.internal.listener.DefaultHttpListenerConfig - Listening for requests on http://0.0.0.0:8081
2018-01-22 14:23:47,661 [main] INFO  org.mule.transport.jms.activemq.ActiveMQJmsConnector - Connected: ActiveMQJmsConnector
{
  name=Active_MQ
  lifecycle=initialise
  this=310ed6b4
  numberOfConcurrentTransactedReceivers=4
  createMultipleTransactedReceivers=true
  connected=true
  supportedProtocols=[jms]
  serviceOverrides=<none>
}

2018-01-22 14:23:47,661 [main] INFO  org.mule.transport.jms.activemq.ActiveMQJmsConnector - Starting: ActiveMQJmsConnector
{
  name=Active_MQ
  lifecycle=initialise
  this=310ed6b4
  numberOfConcurrentTransactedReceivers=4
  createMultipleTransactedReceivers=true
  connected=true
  supportedProtocols=[jms]
  serviceOverrides=<none>
}

2018-01-22 14:23:47,661 [main] INFO  org.mule.lifecycle.AbstractLifecycleManager - Starting connector: Active_MQ
2018-01-22 14:23:47,668 [main] INFO  org.mule.transport.jms.activemq.ActiveMQJmsConnector - Connected: ActiveMQJmsConnector
{
  name=Active_MQ1
  lifecycle=initialise
  this=57e388c3
  numberOfConcurrentTransactedReceivers=4
  createMultipleTransactedReceivers=true
  connected=true
  supportedProtocols=[jms]
  serviceOverrides=<none>
}

2018-01-22 14:23:47,668 [main] INFO  org.mule.transport.jms.activemq.ActiveMQJmsConnector - Starting: ActiveMQJmsConnector
{
  name=Active_MQ1
  lifecycle=initialise
  this=57e388c3
  numberOfConcurrentTransactedReceivers=4
  createMultipleTransactedReceivers=true
  connected=true
  supportedProtocols=[jms]
  serviceOverrides=<none>
}

2018-01-22 14:23:47,668 [main] INFO  org.mule.lifecycle.AbstractLifecycleManager - Starting connector: Active_MQ1
2018-01-22 14:23:47,668 [main] INFO  org.mule.transport.file.FileConnector - Connected: FileConnector
{
  name=connector.file.mule.default
  lifecycle=initialise
  this=4cfa83f9
  numberOfConcurrentTransactedReceivers=4
  createMultipleTransactedReceivers=true
  connected=true
  supportedProtocols=[file]
  serviceOverrides=<none>
}

2018-01-22 14:23:47,668 [main] INFO  org.mule.transport.file.FileConnector - Starting: FileConnector
{
  name=connector.file.mule.default
  lifecycle=initialise
  this=4cfa83f9
  numberOfConcurrentTransactedReceivers=4
  createMultipleTransactedReceivers=true
  connected=true
  supportedProtocols=[file]
  serviceOverrides=<none>
}

2018-01-22 14:23:47,668 [main] INFO  org.mule.lifecycle.AbstractLifecycleManager - Starting connector: connector.file.mule.default
2018-01-22 14:23:47,671 [main] INFO  org.mule.modules.oauth2.provider.agents.DefaultSplashScreenAgent - 
++++++++++++++++++++++++++++++++++++++++++++++++++++++++++++++++++++++++++++++++
+ DevKit Extensions (0) used in this application 
                             +
++++++++++++++++++++++++++++++++++++++++++++++++++++++++++++++++++++++++++++++++
2018-01-22 14:23:47,673 [main] INFO  org.mule.lifecycle.AbstractLifecycleManager - Starting model: _muleSystemModel
2018-01-22 14:23:47,676 [main] INFO  org.mule.construct.FlowConstructLifecycleManager - Starting flow: jmsdemomavenFlow
2018-01-22 14:23:47,676 [main] INFO  org.mule.processor.SedaStageLifecycleManager - Starting service: jmsdemomavenFlow.stage1
2018-01-22 14:23:47,679 [main] INFO  org.mule.construct.FlowConstructLifecycleManager - Starting flow: jmsdemomavenFlow1
2018-01-22 14:23:47,679 [main] INFO  org.mule.processor.SedaStageLifecycleManager - Starting service: jmsdemomavenFlow1.stage1
2018-01-22 14:23:47,694 [main] INFO  org.mule.transport.jms.activemq.ActiveMQJmsConnector - Registering listener: jmsdemomavenFlow1 on endpointUri: jms://mahi
2018-01-22 14:23:47,710 [main] INFO  org.mule.transport.service.DefaultTransportServiceDescriptor - Loading default inbound transformer: org.mule.transport.jms.transformers.JMSMessageToObject
2018-01-22 14:23:47,710 [main] INFO  org.mule.transport.service.DefaultTransportServiceDescriptor - Loading default response transformer: org.mule.transport.jms.transformers.ObjectToJMSMessage
2018-01-22 14:23:47,710 [main] INFO  org.mule.lifecycle.AbstractLifecycleManager - Initialising: 'null'. Object is: MultiConsumerJmsMessageReceiver
2018-01-22 14:23:47,710 [main] INFO  org.mule.transport.jms.MultiConsumerJmsMessageReceiver - Connecting clusterizable message receiver
2018-01-22 14:23:47,757 [main] INFO  org.mule.transport.jms.MultiConsumerJmsMessageReceiver - Endpoint jms://mahi has been successfully reconnected.
2018-01-22 14:23:47,757 [main] INFO  org.mule.lifecycle.AbstractLifecycleManager - Starting: 'null'. Object is: MultiConsumerJmsMessageReceiver
2018-01-22 14:23:47,757 [main] INFO  org.mule.transport.jms.MultiConsumerJmsMessageReceiver - Starting clusterizable message receiver
2018-01-22 14:23:47,757 [main] INFO  org.mule.module.management.agent.WrapperManagerAgent - This JVM hasn't been launched by the wrapper, the agent will not run.
2018-01-22 14:23:47,782 [main] INFO  org.mule.module.management.agent.AbstractJmxAgent - Attempting to register service with name: Mule.jmsdemomaven:type=Endpoint,service="jmsdemomavenFlow1",connector=Active_MQ1,name="endpoint.jms.mahi"
2018-01-22 14:23:47,782 [main] INFO  org.mule.module.management.agent.AbstractJmxAgent - Registered Endpoint Service with name: Mule.jmsdemomaven:type=Endpoint,service="jmsdemomavenFlow1",connector=Active_MQ1,name="endpoint.jms.mahi"
2018-01-22 14:23:47,783 [main] INFO  org.mule.module.management.agent.AbstractJmxAgent - Registered Connector Service with name Mule.jmsdemomaven:type=Connector,name="connector.file.mule.default"
2018-01-22 14:23:47,783 [main] INFO  org.mule.module.management.agent.AbstractJmxAgent - Registered Connector Service with name Mule.jmsdemomaven:type=Connector,name="Active_MQ1"
2018-01-22 14:23:47,783 [main] INFO  org.mule.module.management.agent.AbstractJmxAgent - Registered Connector Service with name Mule.jmsdemomaven:type=Connector,name="Active_MQ"
2018-01-22 14:23:47,786 [main] INFO  org.mule.DefaultMuleContext - 
**********************************************************************
* Application: jmsdemomaven                                          *
* OS encoding: \, Mule encoding: UTF-8                               *
*                                                                    *
* Agents Running:                                                    *
*   JMX Agent                                                        *
*   Batch module default engine                                      *
*   DevKit Extension Information                                     *
*   Wrapper Manager                                                  *
**********************************************************************
2018-01-22 14:24:34,357 [[jmsdemomaven].HTTP_Listener_Configuration.worker.01] INFO  org.mule.transport.service.DefaultTransportServiceDescriptor - Loading default outbound transformer: org.mule.transport.jms.transformers.ObjectToJMSMessage
2018-01-22 14:24:34,357 [[jmsdemomaven].HTTP_Listener_Configuration.worker.01] INFO  org.mule.transport.service.DefaultTransportServiceDescriptor - Loading default response transformer: org.mule.transport.jms.transformers.ObjectToJMSMessage
2018-01-22 14:24:34,357 [[jmsdemomaven].HTTP_Listener_Configuration.worker.01] WARN  com.mulesoft.mule.transport.jms.EeJmsMessageDispatcher - Starting patched JmsMessageReceiver
2018-01-22 14:24:34,366 [[jmsdemomaven].HTTP_Listener_Configuration.worker.01] INFO  org.mule.lifecycle.AbstractLifecycleManager - Initialising: 'Active_MQ.dispatcher.1955832978'. Object is: EeJmsMessageDispatcher
2018-01-22 14:24:34,366 [[jmsdemomaven].HTTP_Listener_Configuration.worker.01] INFO  org.mule.lifecycle.AbstractLifecycleManager - Starting: 'Active_MQ.dispatcher.1955832978'. Object is: EeJmsMessageDispatcher
2018-01-22 14:24:34,437 [[jmsdemomaven].connector.file.mule.default.dispatcher.01] INFO  org.mule.lifecycle.AbstractLifecycleManager - Initialising: 'connector.file.mule.default.dispatcher.2091833224'. Object is: FileMessageDispatcher
2018-01-22 14:24:34,453 [[jmsdemomaven].connector.file.mule.default.dispatcher.01] INFO  org.mule.lifecycle.AbstractLifecycleManager - Starting: 'connector.file.mule.default.dispatcher.2091833224'. Object is: FileMessageDispatcher
2018-01-22 14:24:34,474 [[jmsdemomaven].connector.file.mule.default.dispatcher.01] INFO  org.mule.transport.file.FileConnector - Writing file to: C:\Users\EAI\AnypointStudio\workspace\jmsdemomaven\src\test\resources\jmsout\de442050-ff51-11e7-bdd8-98eecb1e3db5.dat
2018-01-22 14:25:27,870 [main] INFO  org.mule.module.launcher.application.DefaultMuleApplication - 
++++++++++++++++++++++++++++++++++++++++++++++++++++++++++++
+ Initializing app 'jmsdemomaven'                          +
++++++++++++++++++++++++++++++++++++++++++++++++++++++++++++
2018-01-22 14:25:28,010 [main] INFO  org.mule.lifecycle.AbstractLifecycleManager - Initialising RegistryBroker
2018-01-22 14:25:28,104 [main] INFO  org.mule.module.extension.internal.manager.DefaultExtensionManager - Starting discovery of extensions
2018-01-22 14:25:28,182 [main] INFO  org.mule.module.extension.internal.manager.DefaultExtensionManager - Discovered 1 extensions
2018-01-22 14:25:28,182 [main] INFO  org.mule.module.extension.internal.manager.DefaultExtensionManager - Registering extension validation (version 3.8)
2018-01-22 14:25:28,229 [main] INFO  org.mule.config.spring.MuleArtifactContext - Refreshing org.mule.config.spring.MuleArtifactContext@fff25f1: startup date [Mon Jan 22 14:25:28 IST 2018]; root of context hierarchy
2018-01-22 14:25:29,291 [main] INFO  org.mule.config.spring.processors.NoDevkitInjectorProcessor - JSR-330 'javax.inject.Inject' annotation found and supported for autowiring
2018-01-22 14:25:29,955 [main] WARN  org.mule.module.ognl.expression.OgnlExpressionEvaluator - OGNL module is deprecated and will be removed in Mule 4.0. Use MEL expressions instead.
2018-01-22 14:25:30,502 [main] INFO  org.mule.util.journal.TransactionJournal - Using files for tx logs C:\Users\EAI\AnypointStudio\workspace\.mule\.\.mule\jmsdemomaven\queue-tx-log\tx1.log and C:\Users\EAI\AnypointStudio\workspace\.mule\.\.mule\jmsdemomaven\queue-tx-log\tx2.log
2018-01-22 14:25:30,509 [main] INFO  org.mule.util.journal.TransactionJournal - Using files for tx logs C:\Users\EAI\AnypointStudio\workspace\.mule\.\.mule\jmsdemomaven\queue-xa-tx-log\tx1.log and C:\Users\EAI\AnypointStudio\workspace\.mule\.\.mule\jmsdemomaven\queue-xa-tx-log\tx2.log
2018-01-22 14:25:30,509 [main] INFO  org.mule.lifecycle.AbstractLifecycleManager - Initialising connector: Active_MQ
2018-01-22 14:25:30,541 [main] INFO  org.mule.lifecycle.AbstractLifecycleManager - Initialising connector: Active_MQ1
2018-01-22 14:25:30,556 [main] INFO  org.mule.lifecycle.AbstractLifecycleManager - Initialising connector: connector.file.mule.default
2018-01-22 14:25:30,634 [main] INFO  org.mule.lifecycle.AbstractLifecycleManager - Initialising model: _muleSystemModel
2018-01-22 14:25:30,634 [main] INFO  org.mule.construct.FlowConstructLifecycleManager - Initialising flow: jmsdemomavenFlow
2018-01-22 14:25:30,634 [main] INFO  org.mule.exception.DefaultMessagingExceptionStrategy - Initialising exception listener: org.mule.exception.DefaultMessagingExceptionStrategy@d611f1c
2018-01-22 14:25:30,650 [main] INFO  org.mule.processor.SedaStageLifecycleManager - Initialising service: jmsdemomavenFlow.stage1
2018-01-22 14:25:30,666 [main] INFO  org.mule.construct.FlowConstructLifecycleManager - Initialising flow: jmsdemomavenFlow1
2018-01-22 14:25:30,666 [main] INFO  org.mule.exception.DefaultMessagingExceptionStrategy - Initialising exception listener: org.mule.exception.DefaultMessagingExceptionStrategy@5f7eee96
2018-01-22 14:25:30,666 [main] INFO  org.mule.processor.SedaStageLifecycleManager - Initialising service: jmsdemomavenFlow1.stage1
2018-01-22 14:25:31,041 [main] INFO  org.mule.config.spring.SpringXmlConfigurationBuilder - Configured Mule using "org.mule.config.spring.SpringXmlConfigurationBuilder" with configuration resource(s): "[ConfigResource{resourceName='C:\Users\EAI\AnypointStudio\workspace\.mule\apps\jmsdemomaven\jmsdemomaven.xml'}]"
2018-01-22 14:25:31,041 [main] INFO  org.mule.config.builders.AutoConfigurationBuilder - Configured Mule using "org.mule.config.builders.AutoConfigurationBuilder" with configuration resource(s): "[ConfigResource{resourceName='C:\Users\EAI\AnypointStudio\workspace\.mule\apps\jmsdemomaven\jmsdemomaven.xml'}]"
2018-01-22 14:25:34,072 [main] INFO  org.mule.module.launcher.application.DefaultMuleApplication - 
++++++++++++++++++++++++++++++++++++++++++++++++++++++++++++
+ Starting app 'jmsdemomaven'                              +
++++++++++++++++++++++++++++++++++++++++++++++++++++++++++++
2018-01-22 14:25:34,072 [main] INFO  org.mule.util.queue.QueueXaResourceManager - Starting ResourceManager
2018-01-22 14:25:34,072 [main] INFO  org.mule.util.queue.QueueXaResourceManager - Started ResourceManager
2018-01-22 14:25:34,120 [main] INFO  org.mule.module.http.internal.listener.DefaultHttpListenerConfig - Listening for requests on http://0.0.0.0:8081
2018-01-22 14:25:34,414 [main] INFO  org.mule.transport.jms.activemq.ActiveMQJmsConnector - Connected: ActiveMQJmsConnector
{
  name=Active_MQ
  lifecycle=initialise
  this=310ed6b4
  numberOfConcurrentTransactedReceivers=4
  createMultipleTransactedReceivers=true
  connected=true
  supportedProtocols=[jms]
  serviceOverrides=<none>
}

2018-01-22 14:25:34,414 [main] INFO  org.mule.transport.jms.activemq.ActiveMQJmsConnector - Starting: ActiveMQJmsConnector
{
  name=Active_MQ
  lifecycle=initialise
  this=310ed6b4
  numberOfConcurrentTransactedReceivers=4
  createMultipleTransactedReceivers=true
  connected=true
  supportedProtocols=[jms]
  serviceOverrides=<none>
}

2018-01-22 14:25:34,414 [main] INFO  org.mule.lifecycle.AbstractLifecycleManager - Starting connector: Active_MQ
2018-01-22 14:25:34,414 [main] INFO  org.mule.transport.jms.activemq.ActiveMQJmsConnector - Connected: ActiveMQJmsConnector
{
  name=Active_MQ1
  lifecycle=initialise
  this=57e388c3
  numberOfConcurrentTransactedReceivers=4
  createMultipleTransactedReceivers=true
  connected=true
  supportedProtocols=[jms]
  serviceOverrides=<none>
}

2018-01-22 14:25:34,414 [main] INFO  org.mule.transport.jms.activemq.ActiveMQJmsConnector - Starting: ActiveMQJmsConnector
{
  name=Active_MQ1
  lifecycle=initialise
  this=57e388c3
  numberOfConcurrentTransactedReceivers=4
  createMultipleTransactedReceivers=true
  connected=true
  supportedProtocols=[jms]
  serviceOverrides=<none>
}

2018-01-22 14:25:34,414 [main] INFO  org.mule.lifecycle.AbstractLifecycleManager - Starting connector: Active_MQ1
2018-01-22 14:25:34,414 [main] INFO  org.mule.transport.file.FileConnector - Connected: FileConnector
{
  name=connector.file.mule.default
  lifecycle=initialise
  this=4cfa83f9
  numberOfConcurrentTransactedReceivers=4
  createMultipleTransactedReceivers=true
  connected=true
  supportedProtocols=[file]
  serviceOverrides=<none>
}

2018-01-22 14:25:34,414 [main] INFO  org.mule.transport.file.FileConnector - Starting: FileConnector
{
  name=connector.file.mule.default
  lifecycle=initialise
  this=4cfa83f9
  numberOfConcurrentTransactedReceivers=4
  createMultipleTransactedReceivers=true
  connected=true
  supportedProtocols=[file]
  serviceOverrides=<none>
}

2018-01-22 14:25:34,414 [main] INFO  org.mule.lifecycle.AbstractLifecycleManager - Starting connector: connector.file.mule.default
2018-01-22 14:25:34,414 [main] INFO  org.mule.modules.oauth2.provider.agents.DefaultSplashScreenAgent - 
++++++++++++++++++++++++++++++++++++++++++++++++++++++++++++++++++++++++++++++++
+ DevKit Extensions (0) used in this application 
                             +
++++++++++++++++++++++++++++++++++++++++++++++++++++++++++++++++++++++++++++++++
2018-01-22 14:25:34,430 [main] INFO  org.mule.lifecycle.AbstractLifecycleManager - Starting model: _muleSystemModel
2018-01-22 14:25:34,430 [main] INFO  org.mule.construct.FlowConstructLifecycleManager - Starting flow: jmsdemomavenFlow
2018-01-22 14:25:34,430 [main] INFO  org.mule.processor.SedaStageLifecycleManager - Starting service: jmsdemomavenFlow.stage1
2018-01-22 14:25:34,430 [main] INFO  org.mule.construct.FlowConstructLifecycleManager - Starting flow: jmsdemomavenFlow1
2018-01-22 14:25:34,430 [main] INFO  org.mule.processor.SedaStageLifecycleManager - Starting service: jmsdemomavenFlow1.stage1
2018-01-22 14:25:34,461 [main] INFO  org.mule.transport.jms.activemq.ActiveMQJmsConnector - Registering listener: jmsdemomavenFlow1 on endpointUri: jms://mahi
2018-01-22 14:25:34,461 [main] INFO  org.mule.transport.service.DefaultTransportServiceDescriptor - Loading default inbound transformer: org.mule.transport.jms.transformers.JMSMessageToObject
2018-01-22 14:25:34,461 [main] INFO  org.mule.transport.service.DefaultTransportServiceDescriptor - Loading default response transformer: org.mule.transport.jms.transformers.ObjectToJMSMessage
2018-01-22 14:25:34,461 [main] INFO  org.mule.lifecycle.AbstractLifecycleManager - Initialising: 'null'. Object is: MultiConsumerJmsMessageReceiver
2018-01-22 14:25:34,461 [main] INFO  org.mule.transport.jms.MultiConsumerJmsMessageReceiver - Connecting clusterizable message receiver
2018-01-22 14:25:34,508 [main] INFO  org.mule.transport.jms.MultiConsumerJmsMessageReceiver - Endpoint jms://mahi has been successfully reconnected.
2018-01-22 14:25:34,508 [main] INFO  org.mule.lifecycle.AbstractLifecycleManager - Starting: 'null'. Object is: MultiConsumerJmsMessageReceiver
2018-01-22 14:25:34,508 [main] INFO  org.mule.transport.jms.MultiConsumerJmsMessageReceiver - Starting clusterizable message receiver
2018-01-22 14:25:34,508 [main] INFO  org.mule.module.management.agent.WrapperManagerAgent - This JVM hasn't been launched by the wrapper, the agent will not run.
2018-01-22 14:25:34,523 [main] INFO  org.mule.module.management.agent.AbstractJmxAgent - Attempting to register service with name: Mule.jmsdemomaven:type=Endpoint,service="jmsdemomavenFlow1",connector=Active_MQ1,name="endpoint.jms.mahi"
2018-01-22 14:25:34,523 [main] INFO  org.mule.module.management.agent.AbstractJmxAgent - Registered Endpoint Service with name: Mule.jmsdemomaven:type=Endpoint,service="jmsdemomavenFlow1",connector=Active_MQ1,name="endpoint.jms.mahi"
2018-01-22 14:25:34,523 [main] INFO  org.mule.module.management.agent.AbstractJmxAgent - Registered Connector Service with name Mule.jmsdemomaven:type=Connector,name="connector.file.mule.default"
2018-01-22 14:25:34,523 [main] INFO  org.mule.module.management.agent.AbstractJmxAgent - Registered Connector Service with name Mule.jmsdemomaven:type=Connector,name="Active_MQ1"
2018-01-22 14:25:34,523 [main] INFO  org.mule.module.management.agent.AbstractJmxAgent - Registered Connector Service with name Mule.jmsdemomaven:type=Connector,name="Active_MQ"
2018-01-22 14:25:34,523 [main] INFO  org.mule.DefaultMuleContext - 
**********************************************************************
* Application: jmsdemomaven                                          *
* OS encoding: \, Mule encoding: UTF-8                               *
*                                                                    *
* Agents Running:                                                    *
*   JMX Agent                                                        *
*   Batch module default engine                                      *
*   DevKit Extension Information                                     *
*   Wrapper Manager                                                  *
**********************************************************************
2018-01-22 14:25:58,013 [[jmsdemomaven].HTTP_Listener_Configuration.worker.01] INFO  org.mule.transport.service.DefaultTransportServiceDescriptor - Loading default outbound transformer: org.mule.transport.jms.transformers.ObjectToJMSMessage
2018-01-22 14:25:58,013 [[jmsdemomaven].HTTP_Listener_Configuration.worker.01] INFO  org.mule.transport.service.DefaultTransportServiceDescriptor - Loading default response transformer: org.mule.transport.jms.transformers.ObjectToJMSMessage
2018-01-22 14:25:58,013 [[jmsdemomaven].HTTP_Listener_Configuration.worker.01] WARN  com.mulesoft.mule.transport.jms.EeJmsMessageDispatcher - Starting patched JmsMessageReceiver
2018-01-22 14:25:58,015 [[jmsdemomaven].HTTP_Listener_Configuration.worker.01] INFO  org.mule.lifecycle.AbstractLifecycleManager - Initialising: 'Active_MQ.dispatcher.1179152616'. Object is: EeJmsMessageDispatcher
2018-01-22 14:25:58,015 [[jmsdemomaven].HTTP_Listener_Configuration.worker.01] INFO  org.mule.lifecycle.AbstractLifecycleManager - Starting: 'Active_MQ.dispatcher.1179152616'. Object is: EeJmsMessageDispatcher
2018-01-22 14:25:58,090 [[jmsdemomaven].connector.file.mule.default.dispatcher.01] INFO  org.mule.lifecycle.AbstractLifecycleManager - Initialising: 'connector.file.mule.default.dispatcher.587893024'. Object is: FileMessageDispatcher
2018-01-22 14:25:58,100 [[jmsdemomaven].connector.file.mule.default.dispatcher.01] INFO  org.mule.lifecycle.AbstractLifecycleManager - Starting: 'connector.file.mule.default.dispatcher.587893024'. Object is: FileMessageDispatcher
2018-01-22 14:25:58,110 [[jmsdemomaven].connector.file.mule.default.dispatcher.01] INFO  org.mule.transport.file.FileConnector - Writing file to: C:\Users\EAI\AnypointStudio\workspace\jmsdemomaven\src\test\resources\jmsout\101fcc50-ff52-11e7-997a-98eecb1e3db5.dat
